Using pre-set license
Built from '2020.3/release' branch; Version is '2020.3.31f1 (6b54b7616050) revision 7034039'; Using compiler version '192528614'; Build Type 'Release'
OS: 'Windows 10  (10.0.19041) 64bit Professional' Language: 'en' Physical Memory: 8080 MB
BatchMode: 1, IsHumanControllingUs: 0, StartBugReporterOnCrash: 0, Is64bit: 1, IsPro: 0

COMMAND LINE ARGUMENTS:
E:\Brayan\2020.3.31f1\Editor\Unity.exe
-adb2
-batchMode
-noUpm
-name
AssetImportWorker0
-projectPath
E:/Brayan/proyectos/ExamT2Vid2022_01
-logFile
Logs/AssetImportWorker0.log
-srvPort
51893
Successfully changed project path to: E:/Brayan/proyectos/ExamT2Vid2022_01
E:/Brayan/proyectos/ExamT2Vid2022_01
Using Asset Import Pipeline V2.
Refreshing native plugins compatible for Editor in 67.42 ms, found 3 plugins.
Preloading 0 native plugins for Editor in 0.00 ms.
Initialize engine version: 2020.3.31f1 (6b54b7616050)
[Subsystems] Discovering subsystems at path E:/Brayan/2020.3.31f1/Editor/Data/Resources/UnitySubsystems
[Subsystems] Discovering subsystems at path E:/Brayan/proyectos/ExamT2Vid2022_01/Assets
GfxDevice: creating device client; threaded=0
Direct3D:
    Version:  Direct3D 11.0 [level 11.0]
    Renderer: Intel(R) HD Graphics (ID=0x152)
    Vendor:   
    VRAM:     128 MB
    Driver:   10.18.10.4252
Initialize mono
Mono path[0] = 'E:/Brayan/2020.3.31f1/Editor/Data/Managed'
Mono path[1] = 'E:/Brayan/2020.3.31f1/Editor/Data/MonoBleedingEdge/lib/mono/unityjit'
Mono config path = 'E:/Brayan/2020.3.31f1/Editor/Data/MonoBleedingEdge/etc'
Using monoOptions --debugger-agent=transport=dt_socket,embedding=1,server=y,suspend=n,address=127.0.0.1:56996
Begin MonoManager ReloadAssembly
Registering precompiled unity dll's ...
Register platform support module: E:/Brayan/2020.3.31f1/Editor/Data/PlaybackEngines/WebGLSupport/UnityEditor.WebGL.Extensions.dll
Register platform support module: E:/Brayan/2020.3.31f1/Editor/Data/PlaybackEngines/WindowsStandaloneSupport/UnityEditor.WindowsStandalone.Extensions.dll
Registered in 0.001815 seconds.
Native extension for WindowsStandalone target not found
Native extension for WebGL target not found
Refreshing native plugins compatible for Editor in 69.65 ms, found 3 plugins.
Preloading 0 native plugins for Editor in 0.00 ms.
Mono: successfully reloaded assembly
- Completed reload, in  0.889 seconds
Domain Reload Profiling:
	ReloadAssembly (890ms)
		BeginReloadAssembly (85ms)
			ExecutionOrderSort (0ms)
			DisableScriptedObjects (0ms)
			BackupInstance (0ms)
			ReleaseScriptingObjects (0ms)
			CreateAndSetChildDomain (1ms)
		EndReloadAssembly (710ms)
			LoadAssemblies (84ms)
			RebuildTransferFunctionScriptingTraits (0ms)
			SetupTypeCache (264ms)
			ReleaseScriptCaches (0ms)
			RebuildScriptCaches (45ms)
			SetupLoadedEditorAssemblies (259ms)
				LogAssemblyErrors (0ms)
				InitializePlatformSupportModulesInManaged (7ms)
				SetLoadedEditorAssemblies (0ms)
				RefreshPlugins (70ms)
				BeforeProcessingInitializeOnLoad (18ms)
				ProcessInitializeOnLoadAttributes (122ms)
				ProcessInitializeOnLoadMethodAttributes (41ms)
				AfterProcessingInitializeOnLoad (0ms)
				EditorAssembliesLoaded (0ms)
			ExecutionOrderSort2 (0ms)
			AwakeInstancesAfterBackupRestoration (0ms)
Platform modules already initialized, skipping
Registering precompiled user dll's ...
Registered in 0.003173 seconds.
Begin MonoManager ReloadAssembly
Native extension for WindowsStandalone target not found
Native extension for WebGL target not found
Refreshing native plugins compatible for Editor in 69.69 ms, found 3 plugins.
Preloading 0 native plugins for Editor in 0.00 ms.
Mono: successfully reloaded assembly
- Completed reload, in  1.567 seconds
Domain Reload Profiling:
	ReloadAssembly (1568ms)
		BeginReloadAssembly (208ms)
			ExecutionOrderSort (0ms)
			DisableScriptedObjects (7ms)
			BackupInstance (0ms)
			ReleaseScriptingObjects (0ms)
			CreateAndSetChildDomain (25ms)
		EndReloadAssembly (1283ms)
			LoadAssemblies (131ms)
			RebuildTransferFunctionScriptingTraits (0ms)
			SetupTypeCache (407ms)
			ReleaseScriptCaches (1ms)
			RebuildScriptCaches (73ms)
			SetupLoadedEditorAssemblies (504ms)
				LogAssemblyErrors (0ms)
				InitializePlatformSupportModulesInManaged (6ms)
				SetLoadedEditorAssemblies (0ms)
				RefreshPlugins (70ms)
				BeforeProcessingInitializeOnLoad (108ms)
				ProcessInitializeOnLoadAttributes (293ms)
				ProcessInitializeOnLoadMethodAttributes (24ms)
				AfterProcessingInitializeOnLoad (3ms)
				EditorAssembliesLoaded (0ms)
			ExecutionOrderSort2 (0ms)
			AwakeInstancesAfterBackupRestoration (9ms)
Platform modules already initialized, skipping
========================================================================
Worker process is ready to serve import requests
Launched and connected shader compiler UnityShaderCompiler.exe after 0.12 seconds
Refreshing native plugins compatible for Editor in 0.64 ms, found 3 plugins.
Preloading 0 native plugins for Editor in 0.00 ms.
Unloading 2200 Unused Serialized files (Serialized files now loaded: 0)
System memory in use before: 97.0 MB.
System memory in use after: 96.9 MB.

Unloading 31 unused Assets to reduce memory usage. Loaded Objects now: 2631.
Total: 3.948200 ms (FindLiveObjects: 0.210800 ms CreateObjectMapping: 0.149800 ms MarkObjects: 3.388100 ms  DeleteObjects: 0.197900 ms)

AssetImportParameters requested are different than current active one (requested -> active):
  custom:framework-win-MediaFoundation: 216162199b28c13a410421893ffa2e32 -> 
  custom:video-decoder-ogg-theora: a1e56fd34408186e4bbccfd4996cb3dc -> 
  custom:container-muxer-webm: aa71ff27fc2769a1b78a27578f13a17b -> 
  custom:container-demuxer-webm: 4f35f7cbe854078d1ac9338744f61a02 -> 
  custom:container-demuxer-ogg: 62fdf1f143b41e24485cea50d1cbac27 -> 
  custom:video-encoder-webm-vp8: eb34c28f22e8b96e1ab97ce403110664 -> 
  custom:video-decoder-webm-vp8: 9c59270c3fd7afecdb556c50c9e8de78 -> 
  custom:audio-decoder-ogg-vorbis: bf7c407c2cedff20999df2af8eb42d56 -> 
  custom:audio-encoder-webm-vorbis: bf7c407c2cedff20999df2af8eb42d56 -> 
========================================================================
Received Import Request.
  path: Assets
  artifactKey: Guid(00000000000000001000000000000000) Importer(815301076,1909f56bfc062723c751e8b465ee728b)
Start importing Assets using Guid(00000000000000001000000000000000) Importer(815301076,1909f56bfc062723c751e8b465ee728b)  -> (artifact id: '42d402b061de3733987d63b9cc3b64de') in 0.010738 seconds 
========================================================================
Received Import Request.
  Time since last request: 28.832517 seconds.
  path: Assets/exat2_02
  artifactKey: Guid(0843531e00107d34590bec0b8193e8b0) Importer(815301076,1909f56bfc062723c751e8b465ee728b)
Start importing Assets/exat2_02 using Guid(0843531e00107d34590bec0b8193e8b0) Importer(815301076,1909f56bfc062723c751e8b465ee728b)  -> (artifact id: 'acc4d79f7141373c423711e1b3936ac3') in 0.009402 seconds 
========================================================================
Received Import Request.
  Time since last request: 16.743926 seconds.
  path: Assets/exat2_02/sprites
  artifactKey: Guid(102e8aec5e2fe2e47969d403b298dfdc) Importer(815301076,1909f56bfc062723c751e8b465ee728b)
Start importing Assets/exat2_02/sprites using Guid(102e8aec5e2fe2e47969d403b298dfdc) Importer(815301076,1909f56bfc062723c751e8b465ee728b)  -> (artifact id: 'f236510cffaff7e51ac2becfd62b0eaf') in 0.008967 seconds 
========================================================================
Received Import Request.
  Time since last request: 6.416284 seconds.
  path: Assets/exat2_02/Codigo
  artifactKey: Guid(5a535fc28cc0ae24dbdc8a91558dd7c3) Importer(815301076,1909f56bfc062723c751e8b465ee728b)
Start importing Assets/exat2_02/Codigo using Guid(5a535fc28cc0ae24dbdc8a91558dd7c3) Importer(815301076,1909f56bfc062723c751e8b465ee728b)  -> (artifact id: 'd4417ac82e38bac7ab7516f356d8d4a8') in 0.008912 seconds 
========================================================================
Received Import Request.
  Time since last request: 6.034422 seconds.
  path: Assets/exat2_02/Prefaps
  artifactKey: Guid(3a57cf90b9e862d4aa37a0be9631d67c) Importer(815301076,1909f56bfc062723c751e8b465ee728b)
Start importing Assets/exat2_02/Prefaps using Guid(3a57cf90b9e862d4aa37a0be9631d67c) Importer(815301076,1909f56bfc062723c751e8b465ee728b)  -> (artifact id: '75c463a00c94de2ec90944dcf6773d5e') in 0.008875 seconds 
========================================================================
Received Import Request.
  Time since last request: 8.720910 seconds.
  path: Assets/exat2_02/Mapas
  artifactKey: Guid(cbabf7d629da8b748a6dd8cd4ec41277) Importer(815301076,1909f56bfc062723c751e8b465ee728b)
Start importing Assets/exat2_02/Mapas using Guid(cbabf7d629da8b748a6dd8cd4ec41277) Importer(815301076,1909f56bfc062723c751e8b465ee728b)  -> (artifact id: '5242eded9445c16626abbcdfa75ddc51') in 0.008594 seconds 
========================================================================
Received Import Request.
  Time since last request: 11.472634 seconds.
  path: Assets/exat2_02/Amimaciones
  artifactKey: Guid(31bbfd5141493b148903fa804ed61d50) Importer(815301076,1909f56bfc062723c751e8b465ee728b)
Start importing Assets/exat2_02/Amimaciones using Guid(31bbfd5141493b148903fa804ed61d50) Importer(815301076,1909f56bfc062723c751e8b465ee728b)  -> (artifact id: '028b46204bfc60c5aedce7ee9090c8c7') in 0.009154 seconds 
AssetImportWorkerClient::OnTransportError - code=2 error=End of file
